# JRE version: OpenJDK Runtime Environment (8.0_76-b03) (build 1.8.0_76-release-b03)
# Java VM: OpenJDK 64-Bit Server VM (25.76-b03 mixed mode windows-amd64 compressed oops)
Heap:
 PSYoungGen      total 302080K, used 215692K [0x00000000e0000000, 0x00000000f8b80000, 0x0000000100000000)
  eden space 240640K, 89% used [0x00000000e0000000,0x00000000ed2a3230,0x00000000eeb00000)
  from space 61440K, 0% used [0x00000000f4f80000,0x00000000f4f80000,0x00000000f8b80000)
  to   space 44544K, 0% used [0x00000000eeb00000,0x00000000eeb00000,0x00000000f1680000)
 ParOldGen       total 199168K, used 42442K [0x00000000a0000000, 0x00000000ac280000, 0x00000000e0000000)
  object space 199168K, 21% used [0x00000000a0000000,0x00000000a2972a08,0x00000000ac280000)
 Metaspace       used 67699K, capacity 69740K, committed 69888K, reserved 1110016K
  class space    used 8480K, capacity 8908K, committed 8960K, reserved 1048576K
GC Heap History (10 events):
Event: 28.421 GC heap before
{Heap before GC invocations=21 (full 3):
 PSYoungGen      total 285184K, used 279716K [0x00000000e0000000, 0x00000000f8b80000, 0x0000000100000000)
  eden space 240640K, 99% used [0x00000000e0000000,0x00000000eeaeca20,0x00000000eeb00000)
  from space 44544K, 87% used [0x00000000eeb00000,0x00000000f113c7c0,0x00000000f1680000)
  to   space 61440K, 0% used [0x00000000f4f80000,0x00000000f4f80000,0x00000000f8b80000)
 ParOldGen       total 199168K, used 152263K [0x00000000a0000000, 0x00000000ac280000, 0x00000000e0000000)
  object space 199168K, 76% used [0x00000000a0000000,0x00000000a94b1db0,0x00000000ac280000)
 Metaspace       used 65540K, capacity 67504K, committed 67712K, reserved 1107968K
  class space    used 8293K, capacity 8730K, committed 8832K, reserved 1048576K
Event: 28.460 GC heap after
Heap after GC invocations=21 (full 3):
 PSYoungGen      total 302080K, used 54945K [0x00000000e0000000, 0x00000000f8b80000, 0x0000000100000000)
  eden space 240640K, 0% used [0x00000000e0000000,0x00000000e0000000,0x00000000eeb00000)
  from space 61440K, 89% used [0x00000000f4f80000,0x00000000f8528500,0x00000000f8b80000)
  to   space 44544K, 0% used [0x00000000eeb00000,0x00000000eeb00000,0x00000000f1680000)
 ParOldGen       total 199168K, used 159576K [0x00000000a0000000, 0x00000000ac280000, 0x00000000e0000000)
  object space 199168K, 80% used [0x00000000a0000000,0x00000000a9bd6040,0x00000000ac280000)
 Metaspace       used 65540K, capacity 67504K, committed 67712K, reserved 1107968K
  class space    used 8293K, capacity 8730K, committed 8832K, reserved 1048576K
}
Event: 28.492 GC heap before
{Heap before GC invocations=22 (full 3):
 PSYoungGen      total 302080K, used 295117K [0x00000000e0000000, 0x00000000f8b80000, 0x0000000100000000)
  eden space 240640K, 99% used [0x00000000e0000000,0x00000000eea8b1c0,0x00000000eeb00000)
  from space 61440K, 89% used [0x00000000f4f80000,0x00000000f8528500,0x00000000f8b80000)
  to   space 44544K, 0% used [0x00000000eeb00000,0x00000000eeb00000,0x00000000f1680000)
 ParOldGen       total 199168K, used 159576K [0x00000000a0000000, 0x00000000ac280000, 0x00000000e0000000)
  object space 199168K, 80% used [0x00000000a0000000,0x00000000a9bd6040,0x00000000ac280000)
 Metaspace       used 65540K, capacity 67504K, committed 67712K, reserved 1107968K
  class space    used 8293K, capacity 8730K, committed 8832K, reserved 1048576K
Event: 28.531 GC heap after
Heap after GC invocations=22 (full 3):
 PSYoungGen      total 285184K, used 38908K [0x00000000e0000000, 0x00000000f8b80000, 0x0000000100000000)
  eden space 240640K, 0% used [0x00000000e0000000,0x00000000e0000000,0x00000000eeb00000)
  from space 44544K, 87% used [0x00000000eeb00000,0x00000000f10ff190,0x00000000f1680000)
  to   space 61440K, 0% used [0x00000000f4f80000,0x00000000f4f80000,0x00000000f8b80000)
 ParOldGen       total 199168K, used 174706K [0x00000000a0000000, 0x00000000ac280000, 0x00000000e0000000)
  object space 199168K, 87% used [0x00000000a0000000,0x00000000aaa9ca30,0x00000000ac280000)
 Metaspace       used 65540K, capacity 67504K, committed 67712K, reserved 1107968K
  class space    used 8293K, capacity 8730K, committed 8832K, reserved 1048576K
}
Event: 28.531 GC heap before
{Heap before GC invocations=23 (full 4):
 PSYoungGen      total 285184K, used 38908K [0x00000000e0000000, 0x00000000f8b80000, 0x0000000100000000)
  eden space 240640K, 0% used [0x00000000e0000000,0x00000000e0000000,0x00000000eeb00000)
  from space 44544K, 87% used [0x00000000eeb00000,0x00000000f10ff190,0x00000000f1680000)
  to   space 61440K, 0% used [0x00000000f4f80000,0x00000000f4f80000,0x00000000f8b80000)
 ParOldGen       total 199168K, used 174706K [0x00000000a0000000, 0x00000000ac280000, 0x00000000e0000000)
  object space 199168K, 87% used [0x00000000a0000000,0x00000000aaa9ca30,0x00000000ac280000)
 Metaspace       used 65540K, capacity 67504K, committed 67712K, reserved 1107968K
  class space    used 8293K, capacity 8730K, committed 8832K, reserved 1048576K
Event: 28.766 GC heap after
Heap after GC invocations=23 (full 4):
 PSYoungGen      total 285184K, used 0K [0x00000000e0000000, 0x00000000f8b80000, 0x0000000100000000)
  eden space 240640K, 0% used [0x00000000e0000000,0x00000000e0000000,0x00000000eeb00000)
  from space 44544K, 0% used [0x00000000eeb00000,0x00000000eeb00000,0x00000000f1680000)
  to   space 61440K, 0% used [0x00000000f4f80000,0x00000000f4f80000,0x00000000f8b80000)
 ParOldGen       total 199168K, used 73597K [0x00000000a0000000, 0x00000000ac280000, 0x00000000e0000000)
  object space 199168K, 36% used [0x00000000a0000000,0x00000000a47df560,0x00000000ac280000)
 Metaspace       used 65423K, capacity 67318K, committed 67712K, reserved 1107968K
  class space    used 8274K, capacity 8687K, committed 8832K, reserved 1048576K
}
Event: 29.462 GC heap before
{Heap before GC invocations=24 (full 4):
 PSYoungGen      total 285184K, used 70469K [0x00000000e0000000, 0x00000000f8b80000, 0x0000000100000000)
  eden space 240640K, 29% used [0x00000000e0000000,0x00000000e44d1668,0x00000000eeb00000)
  from space 44544K, 0% used [0x00000000eeb00000,0x00000000eeb00000,0x00000000f1680000)
  to   space 61440K, 0% used [0x00000000f4f80000,0x00000000f4f80000,0x00000000f8b80000)
 ParOldGen       total 199168K, used 73597K [0x00000000a0000000, 0x00000000ac280000, 0x00000000e0000000)
  object space 199168K, 36% used [0x00000000a0000000,0x00000000a47df560,0x00000000ac280000)
 Metaspace       used 66865K, capacity 68676K, committed 68736K, reserved 1110016K
  class space    used 8435K, capacity 8818K, committed 8832K, reserved 1048576K
Event: 29.466 GC heap after
Heap after GC invocations=24 (full 4):
 PSYoungGen      total 302080K, used 1438K [0x00000000e0000000, 0x00000000f8b80000, 0x0000000100000000)
  eden space 240640K, 0% used [0x00000000e0000000,0x00000000e0000000,0x00000000eeb00000)
  from space 61440K, 2% used [0x00000000f4f80000,0x00000000f50e7998,0x00000000f8b80000)
  to   space 44544K, 0% used [0x00000000eeb00000,0x00000000eeb00000,0x00000000f1680000)
 ParOldGen       total 199168K, used 73605K [0x00000000a0000000, 0x00000000ac280000, 0x00000000e0000000)
  object space 199168K, 36% used [0x00000000a0000000,0x00000000a47e1560,0x00000000ac280000)
 Metaspace       used 66865K, capacity 68676K, committed 68736K, reserved 1110016K
  class space    used 8435K, capacity 8818K, committed 8832K, reserved 1048576K
}
Event: 29.466 GC heap before
{Heap before GC invocations=25 (full 5):
 PSYoungGen      total 302080K, used 1438K [0x00000000e0000000, 0x00000000f8b80000, 0x0000000100000000)
  eden space 240640K, 0% used [0x00000000e0000000,0x00000000e0000000,0x00000000eeb00000)
  from space 61440K, 2% used [0x00000000f4f80000,0x00000000f50e7998,0x00000000f8b80000)
  to   space 44544K, 0% used [0x00000000eeb00000,0x00000000eeb00000,0x00000000f1680000)
 ParOldGen       total 199168K, used 73605K [0x00000000a0000000, 0x00000000ac280000, 0x00000000e0000000)
  object space 199168K, 36% used [0x00000000a0000000,0x00000000a47e1560,0x00000000ac280000)
 Metaspace       used 66865K, capacity 68676K, committed 68736K, reserved 1110016K
  class space    used 8435K, capacity 8818K, committed 8832K, reserved 1048576K
Event: 29.910 GC heap after
Heap after GC invocations=25 (full 5):
 PSYoungGen      total 302080K, used 0K [0x00000000e0000000, 0x00000000f8b80000, 0x0000000100000000)
  eden space 240640K, 0% used [0x00000000e0000000,0x00000000e0000000,0x00000000eeb00000)
  from space 61440K, 0% used [0x00000000f4f80000,0x00000000f4f80000,0x00000000f8b80000)
  to   space 44544K, 0% used [0x00000000eeb00000,0x00000000eeb00000,0x00000000f1680000)
 ParOldGen       total 199168K, used 42442K [0x00000000a0000000, 0x00000000ac280000, 0x00000000e0000000)
  object space 199168K, 21% used [0x00000000a0000000,0x00000000a2972a08,0x00000000ac280000)
 Metaspace       used 66865K, capacity 68676K, committed 68736K, reserved 1110016K
  class space    used 8435K, capacity 8818K, committed 8832K, reserved 1048576K
}

